# JRE version: OpenJDK Runtime Environment (11.0.10) (build 11.0.10+0-b96-7249189)
# Java VM: OpenJDK 64-Bit Server VM (11.0.10+0-b96-7249189, mixed mode, tiered, compressed oops, g1 gc, windows-amd64)
Heap:
 garbage-first heap   total 324608K, used 185259K [0x0000000080000000, 0x0000000100000000)
  region size 1024K, 4 young (4096K), 4 survivors (4096K)
 Metaspace       used 129659K, capacity 133204K, committed 133452K, reserved 1165312K
  class space    used 15966K, capacity 17220K, committed 17304K, reserved 1048576K
GC Heap History (20 events):
Event: 109.454 GC heap after
{Heap after GC invocations=69 (full 0):
 garbage-first heap   total 225280K, used 120711K [0x0000000080000000, 0x0000000100000000)
  region size 1024K, 7 young (7168K), 7 survivors (7168K)
 Metaspace       used 121347K, capacity 124384K, committed 124620K, reserved 1159168K
  class space    used 14763K, capacity 15830K, committed 15896K, reserved 1048576K
}
Event: 109.577 GC heap before
{Heap before GC invocations=69 (full 0):
 garbage-first heap   total 225280K, used 186247K [0x0000000080000000, 0x0000000100000000)
  region size 1024K, 60 young (61440K), 7 survivors (7168K)
 Metaspace       used 121556K, capacity 124636K, committed 124876K, reserved 1159168K
  class space    used 14788K, capacity 15871K, committed 15896K, reserved 1048576K
}
Event: 109.590 GC heap after
{Heap after GC invocations=70 (full 0):
 garbage-first heap   total 225280K, used 129675K [0x0000000080000000, 0x0000000100000000)
  region size 1024K, 8 young (8192K), 8 survivors (8192K)
 Metaspace       used 121556K, capacity 124636K, committed 124876K, reserved 1159168K
  class space    used 14788K, capacity 15871K, committed 15896K, reserved 1048576K
}
Event: 109.791 GC heap before
{Heap before GC invocations=70 (full 0):
 garbage-first heap   total 225280K, used 178827K [0x0000000080000000, 0x0000000100000000)
  region size 1024K, 57 young (58368K), 8 survivors (8192K)
 Metaspace       used 122334K, capacity 125456K, committed 125644K, reserved 1159168K
  class space    used 14908K, capacity 16016K, committed 16152K, reserved 1048576K
}
Event: 109.803 GC heap after
{Heap after GC invocations=71 (full 0):
 garbage-first heap   total 225280K, used 140664K [0x0000000080000000, 0x0000000100000000)
  region size 1024K, 8 young (8192K), 8 survivors (8192K)
 Metaspace       used 122334K, capacity 125456K, committed 125644K, reserved 1159168K
  class space    used 14908K, capacity 16016K, committed 16152K, reserved 1048576K
}
Event: 110.040 GC heap before
{Heap before GC invocations=71 (full 0):
 garbage-first heap   total 225280K, used 181624K [0x0000000080000000, 0x0000000100000000)
  region size 1024K, 49 young (50176K), 8 survivors (8192K)
 Metaspace       used 122898K, capacity 126038K, committed 126156K, reserved 1159168K
  class space    used 14978K, capacity 16084K, committed 16152K, reserved 1048576K
}
Event: 110.065 GC heap after
{Heap after GC invocations=72 (full 0):
 garbage-first heap   total 225280K, used 149308K [0x0000000080000000, 0x0000000100000000)
  region size 1024K, 7 young (7168K), 7 survivors (7168K)
 Metaspace       used 122898K, capacity 126038K, committed 126156K, reserved 1159168K
  class space    used 14978K, capacity 16084K, committed 16152K, reserved 1048576K
}
Event: 110.287 GC heap before
{Heap before GC invocations=72 (full 0):
 garbage-first heap   total 225280K, used 182076K [0x0000000080000000, 0x0000000100000000)
  region size 1024K, 40 young (40960K), 7 survivors (7168K)
 Metaspace       used 123543K, capacity 126717K, committed 126796K, reserved 1159168K
  class space    used 15060K, capacity 16201K, committed 16280K, reserved 1048576K
}
Event: 110.303 GC heap after
{Heap after GC invocations=73 (full 0):
 garbage-first heap   total 225280K, used 158552K [0x0000000080000000, 0x0000000100000000)
  region size 1024K, 5 young (5120K), 5 survivors (5120K)
 Metaspace       used 123543K, capacity 126717K, committed 126796K, reserved 1159168K
  class space    used 15060K, capacity 16201K, committed 16280K, reserved 1048576K
}
Event: 110.559 GC heap before
{Heap before GC invocations=74 (full 0):
 garbage-first heap   total 225280K, used 184152K [0x0000000080000000, 0x0000000100000000)
  region size 1024K, 32 young (32768K), 5 survivors (5120K)
 Metaspace       used 124420K, capacity 127572K, committed 127948K, reserved 1161216K
  class space    used 15155K, capacity 16270K, committed 16408K, reserved 1048576K
}
Event: 110.578 GC heap after
{Heap after GC invocations=75 (full 0):
 garbage-first heap   total 270336K, used 164323K [0x0000000080000000, 0x0000000100000000)
  region size 1024K, 4 young (4096K), 4 survivors (4096K)
 Metaspace       used 124420K, capacity 127572K, committed 127948K, reserved 1161216K
  class space    used 15155K, capacity 16270K, committed 16408K, reserved 1048576K
}
Event: 110.659 GC heap before
{Heap before GC invocations=75 (full 0):
 garbage-first heap   total 270336K, used 173539K [0x0000000080000000, 0x0000000100000000)
  region size 1024K, 13 young (13312K), 4 survivors (4096K)
 Metaspace       used 124662K, capacity 127842K, committed 127948K, reserved 1161216K
  class space    used 15203K, capacity 16339K, committed 16408K, reserved 1048576K
}
Event: 110.669 GC heap after
{Heap after GC invocations=76 (full 0):
 garbage-first heap   total 270336K, used 165823K [0x0000000080000000, 0x0000000100000000)
  region size 1024K, 2 young (2048K), 2 survivors (2048K)
 Metaspace       used 124662K, capacity 127842K, committed 127948K, reserved 1161216K
  class space    used 15203K, capacity 16339K, committed 16408K, reserved 1048576K
}
Event: 110.999 GC heap before
{Heap before GC invocations=76 (full 0):
 garbage-first heap   total 270336K, used 205759K [0x0000000080000000, 0x0000000100000000)
  region size 1024K, 42 young (43008K), 2 survivors (2048K)
 Metaspace       used 125921K, capacity 129098K, committed 129228K, reserved 1161216K
  class space    used 15424K, capacity 16566K, committed 16664K, reserved 1048576K
}
Event: 111.014 GC heap after
{Heap after GC invocations=77 (full 0):
 garbage-first heap   total 270336K, used 171999K [0x0000000080000000, 0x0000000100000000)
  region size 1024K, 6 young (6144K), 6 survivors (6144K)
 Metaspace       used 125921K, capacity 129098K, committed 129228K, reserved 1161216K
  class space    used 15424K, capacity 16566K, committed 16664K, reserved 1048576K
}
Event: 111.273 GC heap before
{Heap before GC invocations=77 (full 0):
 garbage-first heap   total 270336K, used 211935K [0x0000000080000000, 0x0000000100000000)
  region size 1024K, 45 young (46080K), 6 survivors (6144K)
 Metaspace       used 127818K, capacity 131170K, committed 131404K, reserved 1163264K
  class space    used 15727K, capacity 16919K, committed 17048K, reserved 1048576K
}
Event: 111.285 GC heap after
{Heap after GC invocations=78 (full 0):
 garbage-first heap   total 270336K, used 177015K [0x0000000080000000, 0x0000000100000000)
  region size 1024K, 5 young (5120K), 5 survivors (5120K)
 Metaspace       used 127818K, capacity 131170K, committed 131404K, reserved 1163264K
  class space    used 15727K, capacity 16919K, committed 17048K, reserved 1048576K
}
Event: 111.574 GC heap before
{Heap before GC invocations=78 (full 0):
 garbage-first heap   total 270336K, used 216951K [0x0000000080000000, 0x0000000100000000)
  region size 1024K, 43 young (44032K), 5 survivors (5120K)
 Metaspace       used 128854K, capacity 132299K, committed 132556K, reserved 1165312K
  class space    used 15858K, capacity 17071K, committed 17176K, reserved 1048576K
}
Event: 111.584 GC heap after
{Heap after GC invocations=79 (full 0):
 garbage-first heap   total 270336K, used 181607K [0x0000000080000000, 0x0000000100000000)
  region size 1024K, 5 young (5120K), 5 survivors (5120K)
 Metaspace       used 128854K, capacity 132299K, committed 132556K, reserved 1165312K
  class space    used 15858K, capacity 17071K, committed 17176K, reserved 1048576K
}
Event: 111.748 GC heap before
{Heap before GC invocations=79 (full 0):
 garbage-first heap   total 270336K, used 219495K [0x0000000080000000, 0x0000000100000000)
  region size 1024K, 43 young (44032K), 5 survivors (5120K)
 Metaspace       used 129659K, capacity 133204K, committed 133452K, reserved 1165312K
  class space    used 15966K, capacity 17220K, committed 17304K, reserved 1048576K
}

