# JRE version: OpenJDK Runtime Environment (11.0.10) (build 11.0.10+0-b96-7249189)
# Java VM: OpenJDK 64-Bit Server VM (11.0.10+0-b96-7249189, mixed mode, tiered, compressed oops, g1 gc, windows-amd64)
Heap:
 garbage-first heap   total 155648K, used 35393K [0x0000000080000000, 0x0000000100000000)
  region size 1024K, 2 young (2048K), 2 survivors (2048K)
 Metaspace       used 44496K, capacity 45532K, committed 45568K, reserved 1095680K
  class space    used 5710K, capacity 6113K, committed 6144K, reserved 1048576K
GC Heap History (15 events):
Event: 0.795 GC heap before
{Heap before GC invocations=0 (full 0):
 garbage-first heap   total 129024K, used 29696K [0x0000000080000000, 0x0000000100000000)
  region size 1024K, 24 young (24576K), 0 survivors (0K)
 Metaspace       used 10680K, capacity 10938K, committed 11264K, reserved 1058816K
  class space    used 1130K, capacity 1202K, committed 1280K, reserved 1048576K
}
Event: 0.800 GC heap after
{Heap after GC invocations=1 (full 0):
 garbage-first heap   total 129024K, used 8724K [0x0000000080000000, 0x0000000100000000)
  region size 1024K, 3 young (3072K), 3 survivors (3072K)
 Metaspace       used 10680K, capacity 10938K, committed 11264K, reserved 1058816K
  class space    used 1130K, capacity 1202K, committed 1280K, reserved 1048576K
}
Event: 2.258 GC heap before
{Heap before GC invocations=1 (full 0):
 garbage-first heap   total 129024K, used 81428K [0x0000000080000000, 0x0000000100000000)
  region size 1024K, 75 young (76800K), 3 survivors (3072K)
 Metaspace       used 18890K, capacity 19266K, committed 19456K, reserved 1067008K
  class space    used 2300K, capacity 2458K, committed 2560K, reserved 1048576K
}
Event: 2.264 GC heap after
{Heap after GC invocations=2 (full 0):
 garbage-first heap   total 129024K, used 15423K [0x0000000080000000, 0x0000000100000000)
  region size 1024K, 10 young (10240K), 10 survivors (10240K)
 Metaspace       used 18890K, capacity 19266K, committed 19456K, reserved 1067008K
  class space    used 2300K, capacity 2458K, committed 2560K, reserved 1048576K
}
Event: 2.385 GC heap before
{Heap before GC invocations=2 (full 0):
 garbage-first heap   total 129024K, used 27711K [0x0000000080000000, 0x0000000100000000)
  region size 1024K, 23 young (23552K), 10 survivors (10240K)
 Metaspace       used 20666K, capacity 21131K, committed 21248K, reserved 1067008K
  class space    used 2553K, capacity 2744K, committed 2816K, reserved 1048576K
}
Event: 2.391 GC heap after
{Heap after GC invocations=3 (full 0):
 garbage-first heap   total 129024K, used 16270K [0x0000000080000000, 0x0000000100000000)
  region size 1024K, 1 young (1024K), 1 survivors (1024K)
 Metaspace       used 20666K, capacity 21131K, committed 21248K, reserved 1067008K
  class space    used 2553K, capacity 2744K, committed 2816K, reserved 1048576K
}
Event: 3.046 GC heap before
{Heap before GC invocations=4 (full 0):
 garbage-first heap   total 129024K, used 69518K [0x0000000080000000, 0x0000000100000000)
  region size 1024K, 53 young (54272K), 1 survivors (1024K)
 Metaspace       used 26517K, capacity 27146K, committed 27264K, reserved 1073152K
  class space    used 3493K, capacity 3711K, committed 3712K, reserved 1048576K
}
Event: 3.049 GC heap after
{Heap after GC invocations=5 (full 0):
 garbage-first heap   total 129024K, used 18079K [0x0000000080000000, 0x0000000100000000)
  region size 1024K, 3 young (3072K), 3 survivors (3072K)
 Metaspace       used 26517K, capacity 27146K, committed 27264K, reserved 1073152K
  class space    used 3493K, capacity 3711K, committed 3712K, reserved 1048576K
}
Event: 3.901 GC heap before
{Heap before GC invocations=5 (full 0):
 garbage-first heap   total 129024K, used 64159K [0x0000000080000000, 0x0000000100000000)
  region size 1024K, 50 young (51200K), 3 survivors (3072K)
 Metaspace       used 35158K, capacity 35828K, committed 35840K, reserved 1081344K
  class space    used 4582K, capacity 4859K, committed 4864K, reserved 1048576K
}
Event: 3.910 GC heap after
{Heap after GC invocations=6 (full 0):
 garbage-first heap   total 129024K, used 21558K [0x0000000080000000, 0x0000000100000000)
  region size 1024K, 6 young (6144K), 6 survivors (6144K)
 Metaspace       used 35158K, capacity 35828K, committed 35840K, reserved 1081344K
  class space    used 4582K, capacity 4859K, committed 4864K, reserved 1048576K
}
Event: 5.268 GC heap before
{Heap before GC invocations=7 (full 0):
 garbage-first heap   total 129024K, used 85046K [0x0000000080000000, 0x0000000100000000)
  region size 1024K, 65 young (66560K), 6 survivors (6144K)
 Metaspace       used 41206K, capacity 42097K, committed 42240K, reserved 1085440K
  class space    used 5287K, capacity 5578K, committed 5632K, reserved 1048576K
}
Event: 5.275 GC heap after
{Heap after GC invocations=8 (full 0):
 garbage-first heap   total 129024K, used 24776K [0x0000000080000000, 0x0000000100000000)
  region size 1024K, 7 young (7168K), 7 survivors (7168K)
 Metaspace       used 41206K, capacity 42097K, committed 42240K, reserved 1085440K
  class space    used 5287K, capacity 5578K, committed 5632K, reserved 1048576K
}
Event: 6.653 GC heap before
{Heap before GC invocations=8 (full 0):
 garbage-first heap   total 129024K, used 86216K [0x0000000080000000, 0x0000000100000000)
  region size 1024K, 67 young (68608K), 7 survivors (7168K)
 Metaspace       used 44304K, capacity 45307K, committed 45568K, reserved 1089536K
  class space    used 5680K, capacity 6029K, committed 6144K, reserved 1048576K
}
Event: 6.668 GC heap after
{Heap after GC invocations=9 (full 0):
 garbage-first heap   total 129024K, used 31913K [0x0000000080000000, 0x0000000100000000)
  region size 1024K, 9 young (9216K), 9 survivors (9216K)
 Metaspace       used 44304K, capacity 45307K, committed 45568K, reserved 1089536K
  class space    used 5680K, capacity 6029K, committed 6144K, reserved 1048576K
}
Event: 6.847 GC heap before
{Heap before GC invocations=9 (full 0):
 garbage-first heap   total 129024K, used 37033K [0x0000000080000000, 0x0000000100000000)
  region size 1024K, 13 young (13312K), 9 survivors (9216K)
 Metaspace       used 44496K, capacity 45532K, committed 45568K, reserved 1095680K
  class space    used 5710K, capacity 6113K, committed 6144K, reserved 1048576K
}

